d:\c++\phone_project\phone_project\debug\phone_project.pch
d:\c++\phone_project\phone_project\debug\vc141.pdb
d:\c++\phone_project\phone_project\debug\vc141.idb
d:\c++\phone_project\phone_project\debug\stdafx.obj
d:\c++\phone_project\phone_project\debug\graph.obj
d:\c++\phone_project\phone_project\debug\gui.obj
d:\c++\phone_project\phone_project\debug\phone_project.obj
d:\c++\phone_project\phone_project\debug\window.obj
d:\c++\phone_project\phone_project\debug\simple_window.obj
d:\c++\phone_project\debug\phone_project.pdb
d:\c++\phone_project\phone_project\debug\phone_project.tlog\cl.command.1.tlog
d:\c++\phone_project\phone_project\debug\phone_project.tlog\cl.read.1.tlog
d:\c++\phone_project\phone_project\debug\phone_project.tlog\cl.write.1.tlog
d:\c++\phone_project\phone_project\debug\phone_project.tlog\link.11096-cvtres.read.1.tlog
d:\c++\phone_project\phone_project\debug\phone_project.tlog\link.11096-cvtres.write.1.tlog
d:\c++\phone_project\phone_project\debug\phone_project.tlog\link.11096-rc.read.1.tlog
d:\c++\phone_project\phone_project\debug\phone_project.tlog\link.11096-rc.write.1.tlog
d:\c++\phone_project\phone_project\debug\phone_project.tlog\link.11096.read.1.tlog
d:\c++\phone_project\phone_project\debug\phone_project.tlog\link.11096.write.1.tlog
d:\c++\phone_project\phone_project\debug\phone_project.tlog\link.command.1.tlog
d:\c++\phone_project\phone_project\debug\phone_project.tlog\link.read.1.tlog
d:\c++\phone_project\phone_project\debug\phone_project.tlog\link.write.1.tlog
